{
  "RSpec": {
    "coverage": {
      "/Users/phereford/Sites/rails/atk/metricution/app/controllers/api/v1/bathrooms_controller.rb": [
        1,
        1,
        1,
        null,
        1,
        2,
        2,
        null,
        null,
        1,
        4,
        4,
        2,
        null,
        2,
        null,
        null,
        null,
        1,
        2,
        2,
        null,
        null,
        1,
        2,
        2,
        2,
        null,
        0,
        null,
        null,
        null,
        1,
        3,
        3,
        3,
        null,
        null,
        1,
        null,
        1,
        6,
        null,
        null,
        null,
        null,
        null
      ],
      "/Users/phereford/Sites/rails/atk/metricution/app/controllers/backend_controller.rb": [
        1,
        1,
        null,
        1,
        null,
        1,
        null,
        1,
        0,
        0,
        0,
        null,
        0,
        0,
        null,
        null,
        null,
        null
      ],
      "/Users/phereford/Sites/rails/atk/metricution/app/models/bathroom.rb": [
        1,
        1,
        null,
        1,
        1,
        null,
        1,
        13,
        null,
        null,
        1,
        13,
        null,
        null
      ],
      "/Users/phereford/Sites/rails/atk/metricution/app/serializers/bathroom_serializer.rb": [
        1,
        1,
        null
      ]
    },
    "timestamp": 1400238516
  }
}
